# JRE version: OpenJDK Runtime Environment (21.0.5) (build 21.0.5+-12932927-b750.29)
# Java VM: OpenJDK 64-Bit Server VM (21.0.5+-12932927-b750.29, mixed mode, tiered, compressed oops, compressed class ptrs, g1 gc, windows-amd64)
GC Precious Log:
 CardTable entry size: 512
 Card Set container configuration: InlinePtr #cards 5 size 8 Array Of Cards #cards 12 size 40 Howl #buckets 4 coarsen threshold 1843 Howl Bitmap #cards 512 size 80 coarsen threshold 460 Card regions per heap region 1 cards per card region 2048
 CPUs: 8 total, 8 available
 Memory: 7959M
 Large Page Support: Disabled
 NUMA Support: Disabled
 Compressed Oops: Enabled (32-bit)
 Heap Region Size: 1M
 Heap Min Capacity: 8M
 Heap Initial Capacity: 126M
 Heap Max Capacity: 2G
 Pre-touch: Disabled
 Parallel Workers: 8
 Concurrent Workers: 2
 Concurrent Refinement Workers: 8
 Periodic GC: Disabled
Heap:
 garbage-first heap   total 498688K, used 312150K [0x0000000080000000, 0x0000000100000000)
  region size 1024K, 100 young (102400K), 15 survivors (15360K)
 Metaspace       used 157225K, committed 159680K, reserved 1245184K
  class space    used 20760K, committed 22016K, reserved 1048576K
GC Heap History (20 events):
Event: 39.235 GC heap before
{Heap before GC invocations=76 (full 0):
 garbage-first heap   total 362496K, used 314368K [0x0000000080000000, 0x0000000100000000)
  region size 1024K, 118 young (120832K), 18 survivors (18432K)
 Metaspace       used 143956K, committed 146240K, reserved 1179648K
  class space    used 19222K, committed 20352K, reserved 1048576K
}
Event: 39.294 GC heap after
{Heap after GC invocations=77 (full 0):
 garbage-first heap   total 376832K, used 247808K [0x0000000080000000, 0x0000000100000000)
  region size 1024K, 15 young (15360K), 15 survivors (15360K)
 Metaspace       used 143956K, committed 146240K, reserved 1179648K
  class space    used 19222K, committed 20352K, reserved 1048576K
}
Event: 40.015 GC heap before
{Heap before GC invocations=77 (full 0):
 garbage-first heap   total 376832K, used 316416K [0x0000000080000000, 0x0000000100000000)
  region size 1024K, 84 young (86016K), 15 survivors (15360K)
 Metaspace       used 144004K, committed 146304K, reserved 1179648K
  class space    used 19222K, committed 20352K, reserved 1048576K
}
Event: 40.040 GC heap after
{Heap after GC invocations=78 (full 0):
 garbage-first heap   total 459776K, used 257536K [0x0000000080000000, 0x0000000100000000)
  region size 1024K, 8 young (8192K), 8 survivors (8192K)
 Metaspace       used 144004K, committed 146304K, reserved 1179648K
  class space    used 19222K, committed 20352K, reserved 1048576K
}
Event: 41.938 GC heap before
{Heap before GC invocations=79 (full 0):
 garbage-first heap   total 459776K, used 391680K [0x0000000080000000, 0x0000000100000000)
  region size 1024K, 136 young (139264K), 8 survivors (8192K)
 Metaspace       used 144317K, committed 146560K, reserved 1179648K
  class space    used 19240K, committed 20352K, reserved 1048576K
}
Event: 41.955 GC heap after
{Heap after GC invocations=80 (full 0):
 garbage-first heap   total 459776K, used 267095K [0x0000000080000000, 0x0000000100000000)
  region size 1024K, 15 young (15360K), 15 survivors (15360K)
 Metaspace       used 144317K, committed 146560K, reserved 1179648K
  class space    used 19240K, committed 20352K, reserved 1048576K
}
Event: 42.566 GC heap before
{Heap before GC invocations=80 (full 0):
 garbage-first heap   total 459776K, used 408407K [0x0000000080000000, 0x0000000100000000)
  region size 1024K, 143 young (146432K), 15 survivors (15360K)
 Metaspace       used 146983K, committed 149248K, reserved 1179648K
  class space    used 19513K, committed 20672K, reserved 1048576K
}
Event: 42.589 GC heap after
{Heap after GC invocations=81 (full 0):
 garbage-first heap   total 459776K, used 279006K [0x0000000080000000, 0x0000000100000000)
  region size 1024K, 18 young (18432K), 18 survivors (18432K)
 Metaspace       used 146983K, committed 149248K, reserved 1179648K
  class space    used 19513K, committed 20672K, reserved 1048576K
}
Event: 42.717 GC heap before
{Heap before GC invocations=81 (full 0):
 garbage-first heap   total 459776K, used 339422K [0x0000000080000000, 0x0000000100000000)
  region size 1024K, 79 young (80896K), 18 survivors (18432K)
 Metaspace       used 147192K, committed 149440K, reserved 1179648K
  class space    used 19522K, committed 20672K, reserved 1048576K
}
Event: 42.739 GC heap after
{Heap after GC invocations=82 (full 0):
 garbage-first heap   total 459776K, used 288352K [0x0000000080000000, 0x0000000100000000)
  region size 1024K, 18 young (18432K), 18 survivors (18432K)
 Metaspace       used 147192K, committed 149440K, reserved 1179648K
  class space    used 19522K, committed 20672K, reserved 1048576K
}
Event: 45.213 GC heap before
{Heap before GC invocations=83 (full 0):
 garbage-first heap   total 498688K, used 436832K [0x0000000080000000, 0x0000000100000000)
  region size 1024K, 133 young (136192K), 18 survivors (18432K)
 Metaspace       used 149678K, committed 151936K, reserved 1245184K
  class space    used 19803K, committed 20928K, reserved 1048576K
}
Event: 45.292 GC heap after
{Heap after GC invocations=84 (full 0):
 garbage-first heap   total 498688K, used 291546K [0x0000000080000000, 0x0000000100000000)
  region size 1024K, 5 young (5120K), 5 survivors (5120K)
 Metaspace       used 149678K, committed 151936K, reserved 1245184K
  class space    used 19803K, committed 20928K, reserved 1048576K
}
Event: 55.277 GC heap before
{Heap before GC invocations=84 (full 0):
 garbage-first heap   total 498688K, used 443098K [0x0000000080000000, 0x0000000100000000)
  region size 1024K, 151 young (154624K), 5 survivors (5120K)
 Metaspace       used 152898K, committed 155264K, reserved 1245184K
  class space    used 20268K, committed 21440K, reserved 1048576K
}
Event: 55.429 GC heap after
{Heap after GC invocations=85 (full 0):
 garbage-first heap   total 498688K, used 292247K [0x0000000080000000, 0x0000000100000000)
  region size 1024K, 13 young (13312K), 13 survivors (13312K)
 Metaspace       used 152898K, committed 155264K, reserved 1245184K
  class space    used 20268K, committed 21440K, reserved 1048576K
}
Event: 55.589 GC heap before
{Heap before GC invocations=85 (full 0):
 garbage-first heap   total 498688K, used 322967K [0x0000000080000000, 0x0000000100000000)
  region size 1024K, 45 young (46080K), 13 survivors (13312K)
 Metaspace       used 152927K, committed 155264K, reserved 1245184K
  class space    used 20270K, committed 21440K, reserved 1048576K
}
Event: 55.606 GC heap after
{Heap after GC invocations=86 (full 0):
 garbage-first heap   total 498688K, used 299485K [0x0000000080000000, 0x0000000100000000)
  region size 1024K, 16 young (16384K), 16 survivors (16384K)
 Metaspace       used 152927K, committed 155264K, reserved 1245184K
  class space    used 20270K, committed 21440K, reserved 1048576K
}
Event: 266.403 GC heap before
{Heap before GC invocations=87 (full 0):
 garbage-first heap   total 498688K, used 450013K [0x0000000080000000, 0x0000000100000000)
  region size 1024K, 162 young (165888K), 16 survivors (16384K)
 Metaspace       used 156280K, committed 158784K, reserved 1245184K
  class space    used 20669K, committed 21952K, reserved 1048576K
}
Event: 266.547 GC heap after
{Heap after GC invocations=88 (full 0):
 garbage-first heap   total 498688K, used 259900K [0x0000000080000000, 0x0000000100000000)
  region size 1024K, 8 young (8192K), 8 survivors (8192K)
 Metaspace       used 156280K, committed 158784K, reserved 1245184K
  class space    used 20669K, committed 21952K, reserved 1048576K
}
Event: 274.292 GC heap before
{Heap before GC invocations=88 (full 0):
 garbage-first heap   total 498688K, used 467772K [0x0000000080000000, 0x0000000100000000)
  region size 1024K, 193 young (197632K), 8 survivors (8192K)
 Metaspace       used 157157K, committed 159616K, reserved 1245184K
  class space    used 20756K, committed 22016K, reserved 1048576K
}
Event: 274.496 GC heap after
{Heap after GC invocations=89 (full 0):
 garbage-first heap   total 498688K, used 226134K [0x0000000080000000, 0x0000000100000000)
  region size 1024K, 15 young (15360K), 15 survivors (15360K)
 Metaspace       used 157157K, committed 159616K, reserved 1245184K
  class space    used 20756K, committed 22016K, reserved 1048576K
}

